<?xml version="1.0" encoding="UTF-8"?>
<coverage generated="1597993768938" clover="3.2.0">
  <project timestamp="1597993768938" name="All files">
    <metrics statements="55" coveredstatements="45" conditionals="19" coveredconditionals="14" methods="24" coveredmethods="20" elements="98" coveredelements="79" complexity="0" loc="55" ncloc="55" packages="1" files="1" classes="1"/>
    <file name="CourseList.js" path="C:\Repo\React_Redux_Router\src\components\courses\CourseList.js">
      <metrics statements="55" coveredstatements="45" conditionals="19" coveredconditionals="14" methods="24" coveredmethods="20"/>
      <line num="7" count="3" type="stmt"/>
      <line num="11" count="23" type="stmt"/>
      <line num="12" count="739" type="cond" truecount="2" falsecount="0"/>
      <line num="13" count="548" type="stmt"/>
      <line num="14" count="191" type="cond" truecount="2" falsecount="0"/>
      <line num="15" count="150" type="stmt"/>
      <line num="17" count="41" type="stmt"/>
      <line num="22" count="3" type="stmt"/>
      <line num="30" count="51" type="stmt"/>
      <line num="31" count="51" type="stmt"/>
      <line num="33" count="51" type="stmt"/>
      <line num="34" count="15" type="stmt"/>
      <line num="36" count="15" type="stmt"/>
      <line num="42" count="23" type="stmt"/>
      <line num="43" count="69" type="stmt"/>
      <line num="46" count="23" type="cond" truecount="2" falsecount="0"/>
      <line num="47" count="8" type="stmt"/>
      <line num="50" count="15" type="cond" truecount="1" falsecount="1"/>
      <line num="51" count="15" type="stmt"/>
      <line num="53" count="0" type="stmt"/>
      <line num="58" count="23" type="stmt"/>
      <line num="59" count="23" type="stmt"/>
      <line num="61" count="23" type="stmt"/>
      <line num="63" count="23" type="stmt"/>
      <line num="70" count="0" type="stmt"/>
      <line num="71" count="0" type="stmt"/>
      <line num="72" count="0" type="stmt"/>
      <line num="75" count="0" type="stmt"/>
      <line num="76" count="0" type="stmt"/>
      <line num="80" count="8" type="stmt"/>
      <line num="81" count="8" type="stmt"/>
      <line num="82" count="8" type="cond" truecount="1" falsecount="1"/>
      <line num="83" count="0" type="stmt"/>
      <line num="87" count="8" type="cond" truecount="2" falsecount="0"/>
      <line num="88" count="5" type="stmt"/>
      <line num="89" count="3" type="cond" truecount="1" falsecount="1"/>
      <line num="90" count="3" type="stmt"/>
      <line num="92" count="0" type="stmt"/>
      <line num="95" count="8" type="stmt"/>
      <line num="98" count="51" type="stmt"/>
      <line num="109" count="1" type="stmt"/>
      <line num="118" count="4" type="stmt"/>
      <line num="120" count="40" type="stmt"/>
      <line num="136" count="3" type="stmt"/>
      <line num="145" count="153" type="stmt"/>
      <line num="150" count="5" type="stmt"/>
      <line num="154" count="40" type="stmt"/>
      <line num="171" count="4" type="stmt"/>
      <line num="180" count="4" type="stmt"/>
      <line num="182" count="40" type="stmt"/>
      <line num="197" count="425" type="stmt"/>
      <line num="221" count="0" type="stmt"/>
      <line num="234" count="3" type="stmt"/>
      <line num="244" count="0" type="stmt"/>
      <line num="249" count="3" type="stmt"/>
    </file>
  </project>
</coverage>
